Determining if the pthread_create exist failed with the following output:
Change Dir: /home/raven/raven_2/raven_visualization/src/gazebo-pkgs/gazebo_grasp_plugin/CMakeFiles/CMakeTmp

Run Build Command:/usr/bin/make "cmTryCompileExec2843418451/fast"
/usr/bin/make -f CMakeFiles/cmTryCompileExec2843418451.dir/build.make CMakeFiles/cmTryCompileExec2843418451.dir/build
make[1]: Entering directory `/home/raven/raven_2/raven_visualization/src/gazebo-pkgs/gazebo_grasp_plugin/CMakeFiles/CMakeTmp'
/usr/bin/cmake -E cmake_progress_report /home/raven/raven_2/raven_visualization/src/gazebo-pkgs/gazebo_grasp_plugin/CMakeFiles/CMakeTmp/CMakeFiles 1
Building C object CMakeFiles/cmTryCompileExec2843418451.dir/CheckSymbolExists.c.o
/usr/bin/cc    -o CMakeFiles/cmTryCompileExec2843418451.dir/CheckSymbolExists.c.o   -c /home/raven/raven_2/raven_visualization/src/gazebo-pkgs/gazebo_grasp_plugin/CMakeFiles/CMakeTmp/CheckSymbolExists.c
Linking C executable cmTryCompileExec2843418451
/usr/bin/cmake -E cmake_link_script CMakeFiles/cmTryCompileExec2843418451.dir/link.txt --verbose=1
/usr/bin/cc       CMakeFiles/cmTryCompileExec2843418451.dir/CheckSymbolExists.c.o  -o cmTryCompileExec2843418451 -rdynamic 
CMakeFiles/cmTryCompileExec2843418451.dir/CheckSymbolExists.c.o: In function `main':
CheckSymbolExists.c:(.text+0x16): undefined reference to `pthread_create'
collect2: error: ld returned 1 exit status
make[1]: *** [cmTryCompileExec2843418451] Error 1
make[1]: Leaving directory `/home/raven/raven_2/raven_visualization/src/gazebo-pkgs/gazebo_grasp_plugin/CMakeFiles/CMakeTmp'
make: *** [cmTryCompileExec2843418451/fast] Error 2

File /home/raven/raven_2/raven_visualization/src/gazebo-pkgs/gazebo_grasp_plugin/CMakeFiles/CMakeTmp/CheckSymbolExists.c:
/* */
#include <pthread.h>

int main(int argc, char** argv)
{
  (void)argv;
#ifndef pthread_create
  return ((int*)(&pthread_create))[argc];
#else
  (void)argc;
  return 0;
#endif
}

Determining if the function pthread_create exists in the pthreads failed with the following output:
Change Dir: /home/raven/raven_2/raven_visualization/src/gazebo-pkgs/gazebo_grasp_plugin/CMakeFiles/CMakeTmp

Run Build Command:/usr/bin/make "cmTryCompileExec3265747088/fast"
/usr/bin/make -f CMakeFiles/cmTryCompileExec3265747088.dir/build.make CMakeFiles/cmTryCompileExec3265747088.dir/build
make[1]: Entering directory `/home/raven/raven_2/raven_visualization/src/gazebo-pkgs/gazebo_grasp_plugin/CMakeFiles/CMakeTmp'
/usr/bin/cmake -E cmake_progress_report /home/raven/raven_2/raven_visualization/src/gazebo-pkgs/gazebo_grasp_plugin/CMakeFiles/CMakeTmp/CMakeFiles 1
Building C object CMakeFiles/cmTryCompileExec3265747088.dir/CheckFunctionExists.c.o
/usr/bin/cc   -DCHECK_FUNCTION_EXISTS=pthread_create   -o CMakeFiles/cmTryCompileExec3265747088.dir/CheckFunctionExists.c.o   -c /usr/share/cmake-2.8/Modules/CheckFunctionExists.c
Linking C executable cmTryCompileExec3265747088
/usr/bin/cmake -E cmake_link_script CMakeFiles/cmTryCompileExec3265747088.dir/link.txt --verbose=1
/usr/bin/cc   -DCHECK_FUNCTION_EXISTS=pthread_create    CMakeFiles/cmTryCompileExec3265747088.dir/CheckFunctionExists.c.o  -o cmTryCompileExec3265747088 -rdynamic -lpthreads 
/usr/bin/ld: cannot find -lpthreads
collect2: error: ld returned 1 exit status
make[1]: Leaving directory `/home/raven/raven_2/raven_visualization/src/gazebo-pkgs/gazebo_grasp_plugin/CMakeFiles/CMakeTmp'
make[1]: *** [cmTryCompileExec3265747088] Error 1
make: *** [cmTryCompileExec3265747088/fast] Error 2


Determining if the pthread_create exist failed with the following output:
Change Dir: /home/raven/raven_2/raven_visualization/src/gazebo_plugins/gazebo_grasp_plugin/CMakeFiles/CMakeTmp

Run Build Command:/usr/bin/make "cmTryCompileExec725371916/fast"
/usr/bin/make -f CMakeFiles/cmTryCompileExec725371916.dir/build.make CMakeFiles/cmTryCompileExec725371916.dir/build
make[1]: Entering directory `/home/raven/raven_2/raven_visualization/src/gazebo_plugins/gazebo_grasp_plugin/CMakeFiles/CMakeTmp'
/usr/bin/cmake -E cmake_progress_report /home/raven/raven_2/raven_visualization/src/gazebo_plugins/gazebo_grasp_plugin/CMakeFiles/CMakeTmp/CMakeFiles 1
Building C object CMakeFiles/cmTryCompileExec725371916.dir/CheckSymbolExists.c.o
/usr/bin/cc    -o CMakeFiles/cmTryCompileExec725371916.dir/CheckSymbolExists.c.o   -c /home/raven/raven_2/raven_visualization/src/gazebo_plugins/gazebo_grasp_plugin/CMakeFiles/CMakeTmp/CheckSymbolExists.c
Linking C executable cmTryCompileExec725371916
/usr/bin/cmake -E cmake_link_script CMakeFiles/cmTryCompileExec725371916.dir/link.txt --verbose=1
/usr/bin/cc       CMakeFiles/cmTryCompileExec725371916.dir/CheckSymbolExists.c.o  -o cmTryCompileExec725371916 -rdynamic 
CMakeFiles/cmTryCompileExec725371916.dir/CheckSymbolExists.c.o: In function `main':
CheckSymbolExists.c:(.text+0x16): undefined reference to `pthread_create'
collect2: error: ld returned 1 exit status
make[1]: *** [cmTryCompileExec725371916] Error 1
make[1]: Leaving directory `/home/raven/raven_2/raven_visualization/src/gazebo_plugins/gazebo_grasp_plugin/CMakeFiles/CMakeTmp'
make: *** [cmTryCompileExec725371916/fast] Error 2

File /home/raven/raven_2/raven_visualization/src/gazebo_plugins/gazebo_grasp_plugin/CMakeFiles/CMakeTmp/CheckSymbolExists.c:
/* */
#include <pthread.h>

int main(int argc, char** argv)
{
  (void)argv;
#ifndef pthread_create
  return ((int*)(&pthread_create))[argc];
#else
  (void)argc;
  return 0;
#endif
}

Determining if the function pthread_create exists in the pthreads failed with the following output:
Change Dir: /home/raven/raven_2/raven_visualization/src/gazebo_plugins/gazebo_grasp_plugin/CMakeFiles/CMakeTmp

Run Build Command:/usr/bin/make "cmTryCompileExec2794598439/fast"
/usr/bin/make -f CMakeFiles/cmTryCompileExec2794598439.dir/build.make CMakeFiles/cmTryCompileExec2794598439.dir/build
make[1]: Entering directory `/home/raven/raven_2/raven_visualization/src/gazebo_plugins/gazebo_grasp_plugin/CMakeFiles/CMakeTmp'
/usr/bin/cmake -E cmake_progress_report /home/raven/raven_2/raven_visualization/src/gazebo_plugins/gazebo_grasp_plugin/CMakeFiles/CMakeTmp/CMakeFiles 1
Building C object CMakeFiles/cmTryCompileExec2794598439.dir/CheckFunctionExists.c.o
/usr/bin/cc   -DCHECK_FUNCTION_EXISTS=pthread_create   -o CMakeFiles/cmTryCompileExec2794598439.dir/CheckFunctionExists.c.o   -c /usr/share/cmake-2.8/Modules/CheckFunctionExists.c
Linking C executable cmTryCompileExec2794598439
/usr/bin/cmake -E cmake_link_script CMakeFiles/cmTryCompileExec2794598439.dir/link.txt --verbose=1
/usr/bin/cc   -DCHECK_FUNCTION_EXISTS=pthread_create    CMakeFiles/cmTryCompileExec2794598439.dir/CheckFunctionExists.c.o  -o cmTryCompileExec2794598439 -rdynamic -lpthreads 
/usr/bin/ld: cannot find -lpthreads
collect2: error: ld returned 1 exit status
make[1]: Leaving directory `/home/raven/raven_2/raven_visualization/src/gazebo_plugins/gazebo_grasp_plugin/CMakeFiles/CMakeTmp'
make[1]: *** [cmTryCompileExec2794598439] Error 1
make: *** [cmTryCompileExec2794598439/fast] Error 2


Determining if the pthread_create exist failed with the following output:
Change Dir: /home/homa/raven_2/raven_visualization/src/gazebo_plugins/gazebo_grasp_plugin/CMakeFiles/CMakeTmp

Run Build Command:"/usr/bin/make" "cmTC_fd5dd/fast"
/usr/bin/make -f CMakeFiles/cmTC_fd5dd.dir/build.make CMakeFiles/cmTC_fd5dd.dir/build
make[1]: Entering directory '/home/homa/raven_2/raven_visualization/src/gazebo_plugins/gazebo_grasp_plugin/CMakeFiles/CMakeTmp'
Building C object CMakeFiles/cmTC_fd5dd.dir/CheckSymbolExists.c.o
/usr/bin/cc     -o CMakeFiles/cmTC_fd5dd.dir/CheckSymbolExists.c.o   -c /home/homa/raven_2/raven_visualization/src/gazebo_plugins/gazebo_grasp_plugin/CMakeFiles/CMakeTmp/CheckSymbolExists.c
Linking C executable cmTC_fd5dd
/usr/bin/cmake -E cmake_link_script CMakeFiles/cmTC_fd5dd.dir/link.txt --verbose=1
/usr/bin/cc       CMakeFiles/cmTC_fd5dd.dir/CheckSymbolExists.c.o  -o cmTC_fd5dd -rdynamic 
CMakeFiles/cmTC_fd5dd.dir/CheckSymbolExists.c.o: In function `main':
CheckSymbolExists.c:(.text+0x16): undefined reference to `pthread_create'
collect2: error: ld returned 1 exit status
CMakeFiles/cmTC_fd5dd.dir/build.make:97: recipe for target 'cmTC_fd5dd' failed
make[1]: *** [cmTC_fd5dd] Error 1
make[1]: Leaving directory '/home/homa/raven_2/raven_visualization/src/gazebo_plugins/gazebo_grasp_plugin/CMakeFiles/CMakeTmp'
Makefile:126: recipe for target 'cmTC_fd5dd/fast' failed
make: *** [cmTC_fd5dd/fast] Error 2

File /home/homa/raven_2/raven_visualization/src/gazebo_plugins/gazebo_grasp_plugin/CMakeFiles/CMakeTmp/CheckSymbolExists.c:
/* */
#include <pthread.h>

int main(int argc, char** argv)
{
  (void)argv;
#ifndef pthread_create
  return ((int*)(&pthread_create))[argc];
#else
  (void)argc;
  return 0;
#endif
}

Determining if the function pthread_create exists in the pthreads failed with the following output:
Change Dir: /home/homa/raven_2/raven_visualization/src/gazebo_plugins/gazebo_grasp_plugin/CMakeFiles/CMakeTmp

Run Build Command:"/usr/bin/make" "cmTC_45838/fast"
/usr/bin/make -f CMakeFiles/cmTC_45838.dir/build.make CMakeFiles/cmTC_45838.dir/build
make[1]: Entering directory '/home/homa/raven_2/raven_visualization/src/gazebo_plugins/gazebo_grasp_plugin/CMakeFiles/CMakeTmp'
Building C object CMakeFiles/cmTC_45838.dir/CheckFunctionExists.c.o
/usr/bin/cc    -DCHECK_FUNCTION_EXISTS=pthread_create   -o CMakeFiles/cmTC_45838.dir/CheckFunctionExists.c.o   -c /usr/share/cmake-3.5/Modules/CheckFunctionExists.c
Linking C executable cmTC_45838
/usr/bin/cmake -E cmake_link_script CMakeFiles/cmTC_45838.dir/link.txt --verbose=1
/usr/bin/cc   -DCHECK_FUNCTION_EXISTS=pthread_create    CMakeFiles/cmTC_45838.dir/CheckFunctionExists.c.o  -o cmTC_45838 -rdynamic -lpthreads 
/usr/bin/ld: cannot find -lpthreads
collect2: error: ld returned 1 exit status
CMakeFiles/cmTC_45838.dir/build.make:97: recipe for target 'cmTC_45838' failed
make[1]: *** [cmTC_45838] Error 1
make[1]: Leaving directory '/home/homa/raven_2/raven_visualization/src/gazebo_plugins/gazebo_grasp_plugin/CMakeFiles/CMakeTmp'
Makefile:126: recipe for target 'cmTC_45838/fast' failed
make: *** [cmTC_45838/fast] Error 2


